[28-Jul-2024 05:53:46 UTC] PHP Warning:  simplexml_load_file(): SSL operation failed with code 1. OpenSSL Error messages:
error:1416F086:SSL routines:tls_process_server_certificate:certificate verify failed in C:\Users\Rukmal\Local Sites\test9\app\public\wp-content\plugins\elementor\core\files\file-types\svg.php on line 161
[28-Jul-2024 05:53:46 UTC] PHP Warning:  simplexml_load_file(): Failed to enable crypto in C:\Users\Rukmal\Local Sites\test9\app\public\wp-content\plugins\elementor\core\files\file-types\svg.php on line 161
[28-Jul-2024 05:53:46 UTC] PHP Warning:  simplexml_load_file(https://test9.local/wp-content/uploads/2024/07/envelope.svg): Failed to open stream: operation failed in C:\Users\Rukmal\Local Sites\test9\app\public\wp-content\plugins\elementor\core\files\file-types\svg.php on line 161
[28-Jul-2024 05:53:46 UTC] PHP Warning:  simplexml_load_file(): I/O warning : failed to load external entity &quot;https://test9.local/wp-content/uploads/2024/07/envelope.svg&quot; in C:\Users\Rukmal\Local Sites\test9\app\public\wp-content\plugins\elementor\core\files\file-types\svg.php on line 161
[28-Jul-2024 05:53:47 UTC] PHP Warning:  simplexml_load_file(): SSL operation failed with code 1. OpenSSL Error messages:
error:1416F086:SSL routines:tls_process_server_certificate:certificate verify failed in C:\Users\Rukmal\Local Sites\test9\app\public\wp-content\plugins\elementor\core\files\file-types\svg.php on line 161
[28-Jul-2024 05:53:47 UTC] PHP Warning:  simplexml_load_file(): Failed to enable crypto in C:\Users\Rukmal\Local Sites\test9\app\public\wp-content\plugins\elementor\core\files\file-types\svg.php on line 161
[28-Jul-2024 05:53:47 UTC] PHP Warning:  simplexml_load_file(https://test9.local/wp-content/uploads/2024/07/home-solid.svg): Failed to open stream: operation failed in C:\Users\Rukmal\Local Sites\test9\app\public\wp-content\plugins\elementor\core\files\file-types\svg.php on line 161
[28-Jul-2024 05:53:47 UTC] PHP Warning:  simplexml_load_file(): I/O warning : failed to load external entity &quot;https://test9.local/wp-content/uploads/2024/07/home-solid.svg&quot; in C:\Users\Rukmal\Local Sites\test9\app\public\wp-content\plugins\elementor\core\files\file-types\svg.php on line 161
[28-Jul-2024 05:53:48 UTC] PHP Warning:  simplexml_load_file(): SSL operation failed with code 1. OpenSSL Error messages:
error:1416F086:SSL routines:tls_process_server_certificate:certificate verify failed in C:\Users\Rukmal\Local Sites\test9\app\public\wp-content\plugins\elementor\core\files\file-types\svg.php on line 161
[28-Jul-2024 05:53:48 UTC] PHP Warning:  simplexml_load_file(): Failed to enable crypto in C:\Users\Rukmal\Local Sites\test9\app\public\wp-content\plugins\elementor\core\files\file-types\svg.php on line 161
[28-Jul-2024 05:53:48 UTC] PHP Warning:  simplexml_load_file(https://test9.local/wp-content/uploads/2024/07/user.svg): Failed to open stream: operation failed in C:\Users\Rukmal\Local Sites\test9\app\public\wp-content\plugins\elementor\core\files\file-types\svg.php on line 161
[28-Jul-2024 05:53:48 UTC] PHP Warning:  simplexml_load_file(): I/O warning : failed to load external entity &quot;https://test9.local/wp-content/uploads/2024/07/user.svg&quot; in C:\Users\Rukmal\Local Sites\test9\app\public\wp-content\plugins\elementor\core\files\file-types\svg.php on line 161
[28-Jul-2024 05:53:49 UTC] PHP Warning:  simplexml_load_file(): SSL operation failed with code 1. OpenSSL Error messages:
error:1416F086:SSL routines:tls_process_server_certificate:certificate verify failed in C:\Users\Rukmal\Local Sites\test9\app\public\wp-content\plugins\elementor\core\files\file-types\svg.php on line 161
[28-Jul-2024 05:53:49 UTC] PHP Warning:  simplexml_load_file(): Failed to enable crypto in C:\Users\Rukmal\Local Sites\test9\app\public\wp-content\plugins\elementor\core\files\file-types\svg.php on line 161
[28-Jul-2024 05:53:49 UTC] PHP Warning:  simplexml_load_file(https://test9.local/wp-content/uploads/2024/07/briefcase-solid.svg): Failed to open stream: operation failed in C:\Users\Rukmal\Local Sites\test9\app\public\wp-content\plugins\elementor\core\files\file-types\svg.php on line 161
[28-Jul-2024 05:53:49 UTC] PHP Warning:  simplexml_load_file(): I/O warning : failed to load external entity &quot;https://test9.local/wp-content/uploads/2024/07/briefcase-solid.svg&quot; in C:\Users\Rukmal\Local Sites\test9\app\public\wp-content\plugins\elementor\core\files\file-types\svg.php on line 161
[28-Jul-2024 05:53:49 UTC] PHP Warning:  simplexml_load_file(): SSL operation failed with code 1. OpenSSL Error messages:
error:1416F086:SSL routines:tls_process_server_certificate:certificate verify failed in C:\Users\Rukmal\Local Sites\test9\app\public\wp-content\plugins\elementor\core\files\file-types\svg.php on line 161
[28-Jul-2024 05:53:49 UTC] PHP Warning:  simplexml_load_file(): Failed to enable crypto in C:\Users\Rukmal\Local Sites\test9\app\public\wp-content\plugins\elementor\core\files\file-types\svg.php on line 161
[28-Jul-2024 05:53:49 UTC] PHP Warning:  simplexml_load_file(https://test9.local/wp-content/uploads/2024/07/stream-solid.svg): Failed to open stream: operation failed in C:\Users\Rukmal\Local Sites\test9\app\public\wp-content\plugins\elementor\core\files\file-types\svg.php on line 161
[28-Jul-2024 05:53:49 UTC] PHP Warning:  simplexml_load_file(): I/O warning : failed to load external entity &quot;https://test9.local/wp-content/uploads/2024/07/stream-solid.svg&quot; in C:\Users\Rukmal\Local Sites\test9\app\public\wp-content\plugins\elementor\core\files\file-types\svg.php on line 161
[28-Jul-2024 05:53:50 UTC] PHP Warning:  simplexml_load_file(): SSL operation failed with code 1. OpenSSL Error messages:
error:1416F086:SSL routines:tls_process_server_certificate:certificate verify failed in C:\Users\Rukmal\Local Sites\test9\app\public\wp-content\plugins\elementor\core\files\file-types\svg.php on line 161
[28-Jul-2024 05:53:50 UTC] PHP Warning:  simplexml_load_file(): Failed to enable crypto in C:\Users\Rukmal\Local Sites\test9\app\public\wp-content\plugins\elementor\core\files\file-types\svg.php on line 161
[28-Jul-2024 05:53:50 UTC] PHP Warning:  simplexml_load_file(https://test9.local/wp-content/uploads/2024/07/shapes-solid.svg): Failed to open stream: operation failed in C:\Users\Rukmal\Local Sites\test9\app\public\wp-content\plugins\elementor\core\files\file-types\svg.php on line 161
[28-Jul-2024 05:53:50 UTC] PHP Warning:  simplexml_load_file(): I/O warning : failed to load external entity &quot;https://test9.local/wp-content/uploads/2024/07/shapes-solid.svg&quot; in C:\Users\Rukmal\Local Sites\test9\app\public\wp-content\plugins\elementor\core\files\file-types\svg.php on line 161
[28-Jul-2024 05:53:51 UTC] PHP Warning:  simplexml_load_file(): SSL operation failed with code 1. OpenSSL Error messages:
error:1416F086:SSL routines:tls_process_server_certificate:certificate verify failed in C:\Users\Rukmal\Local Sites\test9\app\public\wp-content\plugins\elementor\core\files\file-types\svg.php on line 161
[28-Jul-2024 05:53:51 UTC] PHP Warning:  simplexml_load_file(): Failed to enable crypto in C:\Users\Rukmal\Local Sites\test9\app\public\wp-content\plugins\elementor\core\files\file-types\svg.php on line 161
[28-Jul-2024 05:53:51 UTC] PHP Warning:  simplexml_load_file(https://test9.local/wp-content/uploads/2024/07/grip-vertical-solid.svg): Failed to open stream: operation failed in C:\Users\Rukmal\Local Sites\test9\app\public\wp-content\plugins\elementor\core\files\file-types\svg.php on line 161
[28-Jul-2024 05:53:51 UTC] PHP Warning:  simplexml_load_file(): I/O warning : failed to load external entity &quot;https://test9.local/wp-content/uploads/2024/07/grip-vertical-solid.svg&quot; in C:\Users\Rukmal\Local Sites\test9\app\public\wp-content\plugins\elementor\core\files\file-types\svg.php on line 161
[28-Jul-2024 05:53:52 UTC] PHP Warning:  simplexml_load_file(): SSL operation failed with code 1. OpenSSL Error messages:
error:1416F086:SSL routines:tls_process_server_certificate:certificate verify failed in C:\Users\Rukmal\Local Sites\test9\app\public\wp-content\plugins\elementor\core\files\file-types\svg.php on line 161
[28-Jul-2024 05:53:52 UTC] PHP Warning:  simplexml_load_file(): Failed to enable crypto in C:\Users\Rukmal\Local Sites\test9\app\public\wp-content\plugins\elementor\core\files\file-types\svg.php on line 161
[28-Jul-2024 05:53:52 UTC] PHP Warning:  simplexml_load_file(https://test9.local/wp-content/uploads/2024/07/comment.svg): Failed to open stream: operation failed in C:\Users\Rukmal\Local Sites\test9\app\public\wp-content\plugins\elementor\core\files\file-types\svg.php on line 161
[28-Jul-2024 05:53:52 UTC] PHP Warning:  simplexml_load_file(): I/O warning : failed to load external entity &quot;https://test9.local/wp-content/uploads/2024/07/comment.svg&quot; in C:\Users\Rukmal\Local Sites\test9\app\public\wp-content\plugins\elementor\core\files\file-types\svg.php on line 161
[28-Jul-2024 05:53:53 UTC] PHP Warning:  simplexml_load_file(): SSL operation failed with code 1. OpenSSL Error messages:
error:1416F086:SSL routines:tls_process_server_certificate:certificate verify failed in C:\Users\Rukmal\Local Sites\test9\app\public\wp-content\plugins\elementor\core\files\file-types\svg.php on line 161
[28-Jul-2024 05:53:53 UTC] PHP Warning:  simplexml_load_file(): Failed to enable crypto in C:\Users\Rukmal\Local Sites\test9\app\public\wp-content\plugins\elementor\core\files\file-types\svg.php on line 161
[28-Jul-2024 05:53:53 UTC] PHP Warning:  simplexml_load_file(https://test9.local/wp-content/uploads/2024/07/arrow-down.svg): Failed to open stream: operation failed in C:\Users\Rukmal\Local Sites\test9\app\public\wp-content\plugins\elementor\core\files\file-types\svg.php on line 161
[28-Jul-2024 05:53:53 UTC] PHP Warning:  simplexml_load_file(): I/O warning : failed to load external entity &quot;https://test9.local/wp-content/uploads/2024/07/arrow-down.svg&quot; in C:\Users\Rukmal\Local Sites\test9\app\public\wp-content\plugins\elementor\core\files\file-types\svg.php on line 161
[28-Jul-2024 05:53:55 UTC] PHP Warning:  simplexml_load_file(): SSL operation failed with code 1. OpenSSL Error messages:
error:1416F086:SSL routines:tls_process_server_certificate:certificate verify failed in C:\Users\Rukmal\Local Sites\test9\app\public\wp-content\plugins\elementor\core\files\file-types\svg.php on line 161
[28-Jul-2024 05:53:55 UTC] PHP Warning:  simplexml_load_file(): Failed to enable crypto in C:\Users\Rukmal\Local Sites\test9\app\public\wp-content\plugins\elementor\core\files\file-types\svg.php on line 161
[28-Jul-2024 05:53:55 UTC] PHP Warning:  simplexml_load_file(https://test9.local/wp-content/uploads/2024/07/bezier-curve-solid.svg): Failed to open stream: operation failed in C:\Users\Rukmal\Local Sites\test9\app\public\wp-content\plugins\elementor\core\files\file-types\svg.php on line 161
[28-Jul-2024 05:53:55 UTC] PHP Warning:  simplexml_load_file(): I/O warning : failed to load external entity &quot;https://test9.local/wp-content/uploads/2024/07/bezier-curve-solid.svg&quot; in C:\Users\Rukmal\Local Sites\test9\app\public\wp-content\plugins\elementor\core\files\file-types\svg.php on line 161
[28-Jul-2024 05:53:56 UTC] PHP Warning:  simplexml_load_file(): SSL operation failed with code 1. OpenSSL Error messages:
error:1416F086:SSL routines:tls_process_server_certificate:certificate verify failed in C:\Users\Rukmal\Local Sites\test9\app\public\wp-content\plugins\elementor\core\files\file-types\svg.php on line 161
[28-Jul-2024 05:53:56 UTC] PHP Warning:  simplexml_load_file(): Failed to enable crypto in C:\Users\Rukmal\Local Sites\test9\app\public\wp-content\plugins\elementor\core\files\file-types\svg.php on line 161
[28-Jul-2024 05:53:56 UTC] PHP Warning:  simplexml_load_file(https://test9.local/wp-content/uploads/2024/07/code-solid.svg): Failed to open stream: operation failed in C:\Users\Rukmal\Local Sites\test9\app\public\wp-content\plugins\elementor\core\files\file-types\svg.php on line 161
[28-Jul-2024 05:53:56 UTC] PHP Warning:  simplexml_load_file(): I/O warning : failed to load external entity &quot;https://test9.local/wp-content/uploads/2024/07/code-solid.svg&quot; in C:\Users\Rukmal\Local Sites\test9\app\public\wp-content\plugins\elementor\core\files\file-types\svg.php on line 161
[28-Jul-2024 05:54:20 UTC] PHP Warning:  simplexml_load_file(): SSL operation failed with code 1. OpenSSL Error messages:
error:1416F086:SSL routines:tls_process_server_certificate:certificate verify failed in C:\Users\Rukmal\Local Sites\test9\app\public\wp-content\plugins\elementor\core\files\file-types\svg.php on line 161
[28-Jul-2024 05:54:20 UTC] PHP Warning:  simplexml_load_file(): Failed to enable crypto in C:\Users\Rukmal\Local Sites\test9\app\public\wp-content\plugins\elementor\core\files\file-types\svg.php on line 161
[28-Jul-2024 05:54:20 UTC] PHP Warning:  simplexml_load_file(https://test9.local/wp-content/uploads/2024/07/dollar-sign-solid.svg): Failed to open stream: operation failed in C:\Users\Rukmal\Local Sites\test9\app\public\wp-content\plugins\elementor\core\files\file-types\svg.php on line 161
[28-Jul-2024 05:54:20 UTC] PHP Warning:  simplexml_load_file(): I/O warning : failed to load external entity &quot;https://test9.local/wp-content/uploads/2024/07/dollar-sign-solid.svg&quot; in C:\Users\Rukmal\Local Sites\test9\app\public\wp-content\plugins\elementor\core\files\file-types\svg.php on line 161
[28-Jul-2024 05:55:22 UTC] PHP Warning:  Undefined array key "ekit_offcanvas_menu_icons_position" in C:\Users\Rukmal\Local Sites\test9\app\public\wp-content\plugins\elementskit-lite\widgets\header-offcanvas\header-offcanvas.php on line 847
[28-Jul-2024 05:55:22 UTC] PHP Warning:  Undefined array key "ekit_offcanvas_menu_close_icons_position" in C:\Users\Rukmal\Local Sites\test9\app\public\wp-content\plugins\elementskit-lite\widgets\header-offcanvas\header-offcanvas.php on line 877
[28-Jul-2024 08:17:03 UTC] PHP Warning:  Attempt to read property "ID" on null in C:\Users\Rukmal\Local Sites\test9\app\public\wp-content\plugins\metform\core\forms\builder.php on line 11
[28-Jul-2024 09:11:12 UTC] PHP Warning:  Undefined array key "ekit_offcanvas_menu_icons_position" in C:\Users\Rukmal\Local Sites\test9\app\public\wp-content\plugins\elementskit-lite\widgets\header-offcanvas\header-offcanvas.php on line 847
[28-Jul-2024 09:11:12 UTC] PHP Warning:  Undefined array key "ekit_offcanvas_menu_close_icons_position" in C:\Users\Rukmal\Local Sites\test9\app\public\wp-content\plugins\elementskit-lite\widgets\header-offcanvas\header-offcanvas.php on line 877
[28-Jul-2024 09:34:27 UTC] PHP Warning:  Undefined array key "ekit_offcanvas_menu_icons_position" in C:\Users\Rukmal\Local Sites\test9\app\public\wp-content\plugins\elementskit-lite\widgets\header-offcanvas\header-offcanvas.php on line 847
[28-Jul-2024 09:34:27 UTC] PHP Warning:  Undefined array key "ekit_offcanvas_menu_close_icons_position" in C:\Users\Rukmal\Local Sites\test9\app\public\wp-content\plugins\elementskit-lite\widgets\header-offcanvas\header-offcanvas.php on line 877
[28-Jul-2024 09:35:13 UTC] PHP Warning:  Undefined array key "ekit_offcanvas_menu_icons_position" in C:\Users\Rukmal\Local Sites\test9\app\public\wp-content\plugins\elementskit-lite\widgets\header-offcanvas\header-offcanvas.php on line 847
[28-Jul-2024 09:35:13 UTC] PHP Warning:  Undefined array key "ekit_offcanvas_menu_close_icons_position" in C:\Users\Rukmal\Local Sites\test9\app\public\wp-content\plugins\elementskit-lite\widgets\header-offcanvas\header-offcanvas.php on line 877
[15-Aug-2024 16:55:05 UTC] PHP Warning:  Undefined array key "ekit_offcanvas_menu_icons_position" in C:\Users\Rukmal\Local Sites\test9\app\public\wp-content\plugins\elementskit-lite\widgets\header-offcanvas\header-offcanvas.php on line 847
[15-Aug-2024 16:55:05 UTC] PHP Warning:  Undefined array key "ekit_offcanvas_menu_close_icons_position" in C:\Users\Rukmal\Local Sites\test9\app\public\wp-content\plugins\elementskit-lite\widgets\header-offcanvas\header-offcanvas.php on line 877
[07-Nov-2024 09:06:44 UTC] PHP Warning:  Undefined array key "ekit_offcanvas_menu_icons_position" in C:\Users\Rukmal\Local Sites\test9\app\public\wp-content\plugins\elementskit-lite\widgets\header-offcanvas\header-offcanvas.php on line 847
[07-Nov-2024 09:06:44 UTC] PHP Warning:  Undefined array key "ekit_offcanvas_menu_close_icons_position" in C:\Users\Rukmal\Local Sites\test9\app\public\wp-content\plugins\elementskit-lite\widgets\header-offcanvas\header-offcanvas.php on line 877
